{"D:\\1748302000130\\react_template (22)\\backend\\src\\employeeAuth\\authController.js": {"path":"D:\\1748302000130\\react_template (22)\\backend\\src\\employeeAuth\\authController.js","statementMap":{"0":{"start":{"line":2,"column":12},"end":{"line":2,"column":35}},"1":{"start":{"line":3,"column":25},"end":{"line":3,"column":48}},"2":{"start":{"line":4,"column":41},"end":{"line":4,"column":67}},"3":{"start":{"line":5,"column":16},"end":{"line":5,"column":32}},"4":{"start":{"line":6,"column":15},"end":{"line":6,"column":32}},"5":{"start":{"line":13,"column":18},"end":{"line":25,"column":1}},"6":{"start":{"line":14,"column":2},"end":{"line":24,"column":4}},"7":{"start":{"line":30,"column":24},"end":{"line":54,"column":1}},"8":{"start":{"line":31,"column":16},"end":{"line":31,"column":31}},"9":{"start":{"line":32,"column":24},"end":{"line":39,"column":3}},"10":{"start":{"line":41,"column":2},"end":{"line":41,"column":42}},"11":{"start":{"line":45,"column":2},"end":{"line":45,"column":28}},"12":{"start":{"line":47,"column":2},"end":{"line":53,"column":5}},"13":{"start":{"line":56,"column":0},"end":{"line":64,"column":2}},"14":{"start":{"line":57,"column":21},"end":{"line":57,"column":70}},"15":{"start":{"line":58,"column":2},"end":{"line":62,"column":5}},"16":{"start":{"line":63,"column":2},"end":{"line":63,"column":38}},"17":{"start":{"line":67,"column":0},"end":{"line":67,"column":42}},"18":{"start":{"line":71,"column":0},"end":{"line":119,"column":2}},"19":{"start":{"line":72,"column":2},"end":{"line":118,"column":3}},"20":{"start":{"line":73,"column":35},"end":{"line":73,"column":43}},"21":{"start":{"line":76,"column":4},"end":{"line":81,"column":5}},"22":{"start":{"line":77,"column":6},"end":{"line":80,"column":9}},"23":{"start":{"line":84,"column":26},"end":{"line":84,"column":48}},"24":{"start":{"line":85,"column":4},"end":{"line":90,"column":5}},"25":{"start":{"line":86,"column":6},"end":{"line":89,"column":9}},"26":{"start":{"line":93,"column":19},"end":{"line":99,"column":6}},"27":{"start":{"line":101,"column":17},"end":{"line":101,"column":36}},"28":{"start":{"line":103,"column":4},"end":{"line":108,"column":5}},"29":{"start":{"line":104,"column":6},"end":{"line":107,"column":9}},"30":{"start":{"line":111,"column":4},"end":{"line":111,"column":36}},"31":{"start":{"line":113,"column":4},"end":{"line":113,"column":41}},"32":{"start":{"line":114,"column":4},"end":{"line":117,"column":7}},"33":{"start":{"line":124,"column":0},"end":{"line":213,"column":2}},"34":{"start":{"line":125,"column":2},"end":{"line":212,"column":3}},"35":{"start":{"line":126,"column":73},"end":{"line":126,"column":81}},"36":{"start":{"line":129,"column":26},"end":{"line":129,"column":48}},"37":{"start":{"line":130,"column":23},"end":{"line":130,"column":73}},"38":{"start":{"line":131,"column":26},"end":{"line":131,"column":44}},"39":{"start":{"line":132,"column":31},"end":{"line":132,"column":46}},"40":{"start":{"line":134,"column":4},"end":{"line":139,"column":5}},"41":{"start":{"line":135,"column":6},"end":{"line":138,"column":9}},"42":{"start":{"line":141,"column":4},"end":{"line":146,"column":5}},"43":{"start":{"line":142,"column":6},"end":{"line":145,"column":9}},"44":{"start":{"line":148,"column":4},"end":{"line":153,"column":5}},"45":{"start":{"line":149,"column":6},"end":{"line":152,"column":9}},"46":{"start":{"line":155,"column":4},"end":{"line":160,"column":5}},"47":{"start":{"line":156,"column":6},"end":{"line":159,"column":9}},"48":{"start":{"line":163,"column":25},"end":{"line":168,"column":6}},"49":{"start":{"line":170,"column":4},"end":{"line":175,"column":5}},"50":{"start":{"line":171,"column":6},"end":{"line":174,"column":9}},"51":{"start":{"line":178,"column":27},"end":{"line":178,"column":55}},"52":{"start":{"line":181,"column":19},"end":{"line":193,"column":6}},"53":{"start":{"line":196,"column":4},"end":{"line":205,"column":7}},"54":{"start":{"line":207,"column":4},"end":{"line":207,"column":51}},"55":{"start":{"line":208,"column":4},"end":{"line":211,"column":7}},"56":{"start":{"line":218,"column":0},"end":{"line":229,"column":2}},"57":{"start":{"line":219,"column":2},"end":{"line":222,"column":5}},"58":{"start":{"line":223,"column":2},"end":{"line":226,"column":5}},"59":{"start":{"line":228,"column":2},"end":{"line":228,"column":46}},"60":{"start":{"line":234,"column":0},"end":{"line":263,"column":2}},"61":{"start":{"line":235,"column":2},"end":{"line":262,"column":3}},"62":{"start":{"line":236,"column":19},"end":{"line":239,"column":5}},"63":{"start":{"line":241,"column":4},"end":{"line":246,"column":5}},"64":{"start":{"line":242,"column":6},"end":{"line":245,"column":9}},"65":{"start":{"line":248,"column":17},"end":{"line":248,"column":36}},"66":{"start":{"line":250,"column":4},"end":{"line":255,"column":7}},"67":{"start":{"line":257,"column":4},"end":{"line":257,"column":49}},"68":{"start":{"line":258,"column":4},"end":{"line":261,"column":7}}},"fnMap":{"0":{"name":"(anonymous_0)","decl":{"start":{"line":13,"column":18},"end":{"line":13,"column":19}},"loc":{"start":{"line":13,"column":28},"end":{"line":25,"column":1}},"line":13},"1":{"name":"(anonymous_1)","decl":{"start":{"line":30,"column":24},"end":{"line":30,"column":25}},"loc":{"start":{"line":30,"column":51},"end":{"line":54,"column":1}},"line":30},"2":{"name":"(anonymous_2)","decl":{"start":{"line":56,"column":23},"end":{"line":56,"column":24}},"loc":{"start":{"line":56,"column":37},"end":{"line":64,"column":1}},"line":56},"3":{"name":"(anonymous_3)","decl":{"start":{"line":71,"column":16},"end":{"line":71,"column":17}},"loc":{"start":{"line":71,"column":36},"end":{"line":119,"column":1}},"line":71},"4":{"name":"(anonymous_4)","decl":{"start":{"line":124,"column":25},"end":{"line":124,"column":26}},"loc":{"start":{"line":124,"column":45},"end":{"line":213,"column":1}},"line":124},"5":{"name":"(anonymous_5)","decl":{"start":{"line":218,"column":17},"end":{"line":218,"column":18}},"loc":{"start":{"line":218,"column":31},"end":{"line":229,"column":1}},"line":218},"6":{"name":"(anonymous_6)","decl":{"start":{"line":234,"column":21},"end":{"line":234,"column":22}},"loc":{"start":{"line":234,"column":41},"end":{"line":263,"column":1}},"line":234}},"branchMap":{"0":{"loc":{"start":{"line":76,"column":4},"end":{"line":81,"column":5}},"type":"if","locations":[{"start":{"line":76,"column":4},"end":{"line":81,"column":5}},{"start":{},"end":{}}],"line":76},"1":{"loc":{"start":{"line":76,"column":8},"end":{"line":76,"column":30}},"type":"binary-expr","locations":[{"start":{"line":76,"column":8},"end":{"line":76,"column":17}},{"start":{"line":76,"column":21},"end":{"line":76,"column":30}}],"line":76},"2":{"loc":{"start":{"line":85,"column":4},"end":{"line":90,"column":5}},"type":"if","locations":[{"start":{"line":85,"column":4},"end":{"line":90,"column":5}},{"start":{},"end":{}}],"line":85},"3":{"loc":{"start":{"line":103,"column":4},"end":{"line":108,"column":5}},"type":"if","locations":[{"start":{"line":103,"column":4},"end":{"line":108,"column":5}},{"start":{},"end":{}}],"line":103},"4":{"loc":{"start":{"line":103,"column":8},"end":{"line":103,"column":65}},"type":"binary-expr","locations":[{"start":{"line":103,"column":8},"end":{"line":103,"column":13}},{"start":{"line":103,"column":17},"end":{"line":103,"column":65}}],"line":103},"5":{"loc":{"start":{"line":134,"column":4},"end":{"line":139,"column":5}},"type":"if","locations":[{"start":{"line":134,"column":4},"end":{"line":139,"column":5}},{"start":{},"end":{}}],"line":134},"6":{"loc":{"start":{"line":141,"column":4},"end":{"line":146,"column":5}},"type":"if","locations":[{"start":{"line":141,"column":4},"end":{"line":146,"column":5}},{"start":{},"end":{}}],"line":141},"7":{"loc":{"start":{"line":148,"column":4},"end":{"line":153,"column":5}},"type":"if","locations":[{"start":{"line":148,"column":4},"end":{"line":153,"column":5}},{"start":{},"end":{}}],"line":148},"8":{"loc":{"start":{"line":155,"column":4},"end":{"line":160,"column":5}},"type":"if","locations":[{"start":{"line":155,"column":4},"end":{"line":160,"column":5}},{"start":{},"end":{}}],"line":155},"9":{"loc":{"start":{"line":170,"column":4},"end":{"line":175,"column":5}},"type":"if","locations":[{"start":{"line":170,"column":4},"end":{"line":175,"column":5}},{"start":{},"end":{}}],"line":170},"10":{"loc":{"start":{"line":192,"column":12},"end":{"line":192,"column":30}},"type":"binary-expr","locations":[{"start":{"line":192,"column":12},"end":{"line":192,"column":16}},{"start":{"line":192,"column":20},"end":{"line":192,"column":30}}],"line":192},"11":{"loc":{"start":{"line":203,"column":14},"end":{"line":203,"column":32}},"type":"binary-expr","locations":[{"start":{"line":203,"column":14},"end":{"line":203,"column":18}},{"start":{"line":203,"column":22},"end":{"line":203,"column":32}}],"line":203},"12":{"loc":{"start":{"line":241,"column":4},"end":{"line":246,"column":5}},"type":"if","locations":[{"start":{"line":241,"column":4},"end":{"line":246,"column":5}},{"start":{},"end":{}}],"line":241}},"s":{"0":1,"1":1,"2":1,"3":1,"4":1,"5":1,"6":2,"7":1,"8":2,"9":1,"10":1,"11":1,"12":1,"13":1,"14":0,"15":0,"16":0,"17":1,"18":1,"19":10,"20":10,"21":10,"22":3,"23":7,"24":7,"25":1,"26":6,"27":5,"28":5,"29":2,"30":2,"31":3,"32":3,"33":1,"34":0,"35":0,"36":0,"37":0,"38":0,"39":0,"40":0,"41":0,"42":0,"43":0,"44":0,"45":0,"46":0,"47":0,"48":0,"49":0,"50":0,"51":0,"52":0,"53":0,"54":0,"55":0,"56":1,"57":0,"58":0,"59":0,"60":1,"61":0,"62":0,"63":0,"64":0,"65":0,"66":0,"67":0,"68":0},"f":{"0":2,"1":2,"2":0,"3":10,"4":0,"5":0,"6":0},"b":{"0":[3,7],"1":[10,8],"2":[1,6],"3":[2,2],"4":[5,4],"5":[0,0],"6":[0,0],"7":[0,0],"8":[0,0],"9":[0,0],"10":[0,0],"11":[0,0],"12":[0,0]},"_coverageSchema":"1a1c01bbd47fc00a2c39e90264f33305004495a9","hash":"434f2a3c9376f60ac73ff0d9474100a8a13132a0"}
}
