TN:
SF:authController.js
FN:13,(anonymous_0)
FN:30,(anonymous_1)
FN:56,(anonymous_2)
FN:71,(anonymous_3)
FN:124,(anonymous_4)
FN:218,(anonymous_5)
FN:234,(anonymous_6)
FNF:7
FNH:3
FNDA:2,(anonymous_0)
FNDA:2,(anonymous_1)
FNDA:0,(anonymous_2)
FNDA:10,(anonymous_3)
FNDA:0,(anonymous_4)
FNDA:0,(anonymous_5)
FNDA:0,(anonymous_6)
DA:2,1
DA:3,1
DA:4,1
DA:5,1
DA:6,1
DA:13,1
DA:14,2
DA:30,1
DA:31,2
DA:32,1
DA:41,1
DA:45,1
DA:47,1
DA:56,1
DA:57,0
DA:58,0
DA:63,0
DA:67,1
DA:71,1
DA:72,10
DA:73,10
DA:76,10
DA:77,3
DA:84,7
DA:85,7
DA:86,1
DA:93,6
DA:101,5
DA:103,5
DA:104,2
DA:111,2
DA:113,3
DA:114,3
DA:124,1
DA:125,0
DA:126,0
DA:129,0
DA:130,0
DA:131,0
DA:132,0
DA:134,0
DA:135,0
DA:141,0
DA:142,0
DA:148,0
DA:149,0
DA:155,0
DA:156,0
DA:163,0
DA:170,0
DA:171,0
DA:178,0
DA:181,0
DA:196,0
DA:207,0
DA:208,0
DA:218,1
DA:219,0
DA:223,0
DA:228,0
DA:234,1
DA:235,0
DA:236,0
DA:241,0
DA:242,0
DA:248,0
DA:250,0
DA:257,0
DA:258,0
LF:69
LH:33
BRDA:76,0,0,3
BRDA:76,0,1,7
BRDA:76,1,0,10
BRDA:76,1,1,8
BRDA:85,2,0,1
BRDA:85,2,1,6
BRDA:103,3,0,2
BRDA:103,3,1,2
BRDA:103,4,0,5
BRDA:103,4,1,4
BRDA:134,5,0,0
BRDA:134,5,1,0
BRDA:141,6,0,0
BRDA:141,6,1,0
BRDA:148,7,0,0
BRDA:148,7,1,0
BRDA:155,8,0,0
BRDA:155,8,1,0
BRDA:170,9,0,0
BRDA:170,9,1,0
BRDA:192,10,0,0
BRDA:192,10,1,0
BRDA:203,11,0,0
BRDA:203,11,1,0
BRDA:241,12,0,0
BRDA:241,12,1,0
BRF:26
BRH:10
end_of_record
